2025-12-19 15:13:21,005 - INFO - Processing example/movies/dmso_60min/Stream-2-enhanced.avi
2025-12-19 15:13:21,006 - INFO - Looking for visualization movie for: Stream-2-enhanced.avi in directory: example/movies (recursive: True, viz_glob: Stream-?.avi)
2025-12-19 15:13:21,006 - INFO - Visualization movie matched in same directory as input: Stream-2-enhanced.avi -> Stream-2.avi
2025-12-19 15:13:21,450 - INFO - Frames: 120, Img shape: (1200, 1200)
2025-12-19 15:13:21,450 - INFO - Starting detection...
2025-12-19 15:13:22,122 - INFO - Detection saved: Stream-2-enhanced_det_coords.csv (frames=120, dets=13722)
2025-12-19 15:13:24,543 - INFO - Starting tracking...
2025-12-19 15:13:24,543 - INFO - Two-stage tracking enabled: Stage 1 - Immotile mining
2025-12-19 15:13:24,543 - INFO - Starting two-stage tracking pipeline
2025-12-19 15:13:24,543 - INFO - Stage 1: Immotile mining with first 1 frames, radius 8.0 px
2025-12-19 15:13:24,543 - INFO - ImmotileTracker initialized with joblib (n_jobs=22)
2025-12-19 15:13:24,544 - INFO - Found 121 potential immotile anchors
2025-12-19 15:13:24,544 - INFO - Processing anchors with joblib (n_jobs=22)
2025-12-19 15:13:24,544 - INFO - Searching for nearby detections within 8.00 radius for each anchor (parallel)
2025-12-19 15:13:24,544 - INFO - Using joblib batch_size=auto
2025-12-19 15:13:29,123 - INFO - Parallel processing: Removed 1387 immotile detections, 12335 remaining for motile tracking
2025-12-19 15:13:29,125 - INFO - Stage 1 complete: Found 17 immotile tracks with 1387 detections
2025-12-19 15:13:29,125 - INFO - Stage 2: Motile tracking with 12335 remaining detections
2025-12-19 15:13:30,870 - INFO - Stage 2 complete: Found 699 motile tracks with 12092 detections
2025-12-19 15:13:30,871 - INFO - Offset motile tracking IDs by 17 to avoid overlap with immotile tracks
2025-12-19 15:13:30,872 - INFO - Two-stage pipeline complete: 716 total tracks, 98.2% detection utilization
2025-12-19 15:13:30,873 - INFO - Created user-friendly track IDs: 716 tracks (IDs 1-716) from internal tracking_id range 0-715
2025-12-19 15:13:30,873 - INFO - Two-stage tracking summary:
2025-12-19 15:13:30,874 - INFO -   total_input_detections: 13722
2025-12-19 15:13:30,874 - INFO -   immotile_tracks_found: 17
2025-12-19 15:13:30,874 - INFO -   immotile_detections_removed: 1387
2025-12-19 15:13:30,874 - INFO -   motile_tracks_found: 699
2025-12-19 15:13:30,874 - INFO -   motile_detections: 12092
2025-12-19 15:13:30,874 - INFO -   total_tracks: 716
2025-12-19 15:13:30,874 - INFO -   detection_utilization: 0.9822912111937036
2025-12-19 15:13:30,875 - INFO - Filtered tracks by min_track_length=10: 716 -> 355 tracks
2025-12-19 15:13:30,909 - INFO - Tracking saved: Stream-2-enhanced_trk_tracks.csv (tracks=355, rows=12221)
2025-12-19 15:13:37,508 - INFO - Starting analysis...
2025-12-19 15:13:37,740 - INFO - Analysis saved: Stream-2-enhanced_ana_motility.csv
2025-12-19 15:13:37,740 - INFO - Processing complete: Stream-2-enhanced (16.74s)
